# JRE version: OpenJDK Runtime Environment (8.0_212-b04) (build 1.8.0_212-release-1586-b04)
# Java VM: OpenJDK 64-Bit Server VM (25.212-b04 mixed mode windows-amd64 compressed oops)
Heap:
 PSYoungGen      total 182272K, used 63106K [0x00000000e0000000, 0x00000000edd00000, 0x0000000100000000)
  eden space 138240K, 27% used [0x00000000e0000000,0x00000000e2501418,0x00000000e8700000)
  from space 44032K, 57% used [0x00000000eb200000,0x00000000eca9f4b0,0x00000000edd00000)
  to   space 31232K, 0% used [0x00000000e8b00000,0x00000000e8b00000,0x00000000ea980000)
 ParOldGen       total 136192K, used 61732K [0x00000000a0000000, 0x00000000a8500000, 0x00000000e0000000)
  object space 136192K, 45% used [0x00000000a0000000,0x00000000a3c49278,0x00000000a8500000)
 Metaspace       used 93135K, capacity 98303K, committed 98456K, reserved 1134592K
  class space    used 12074K, capacity 13129K, committed 13208K, reserved 1048576K
GC Heap History (10 events):
Event: 2912.259 GC heap before
{Heap before GC invocations=21 (full 3):
 PSYoungGen      total 187904K, used 187880K [0x00000000e0000000, 0x00000000ee180000, 0x0000000100000000)
  eden space 156160K, 100% used [0x00000000e0000000,0x00000000e9880000,0x00000000e9880000)
  from space 31744K, 99% used [0x00000000e9d00000,0x00000000ebbfa3b8,0x00000000ebc00000)
  to   space 37376K, 0% used [0x00000000ebd00000,0x00000000ebd00000,0x00000000ee180000)
 ParOldGen       total 136192K, used 48289K [0x00000000a0000000, 0x00000000a8500000, 0x00000000e0000000)
  object space 136192K, 35% used [0x00000000a0000000,0x00000000a2f28630,0x00000000a8500000)
 Metaspace       used 84218K, capacity 88795K, committed 88856K, reserved 1126400K
  class space    used 11059K, capacity 12035K, committed 12056K, reserved 1048576K
Event: 2912.449 GC heap after
Heap after GC invocations=21 (full 3):
 PSYoungGen      total 187904K, used 36969K [0x00000000e0000000, 0x00000000ee800000, 0x0000000100000000)
  eden space 150528K, 0% used [0x00000000e0000000,0x00000000e0000000,0x00000000e9300000)
  from space 37376K, 98% used [0x00000000ebd00000,0x00000000ee11a4b8,0x00000000ee180000)
  to   space 43008K, 0% used [0x00000000e9300000,0x00000000e9300000,0x00000000ebd00000)
 ParOldGen       total 136192K, used 61700K [0x00000000a0000000, 0x00000000a8500000, 0x00000000e0000000)
  object space 136192K, 45% used [0x00000000a0000000,0x00000000a3c41278,0x00000000a8500000)
 Metaspace       used 84218K, capacity 88795K, committed 88856K, reserved 1126400K
  class space    used 11059K, capacity 12035K, committed 12056K, reserved 1048576K
}
Event: 5359.344 GC heap before
{Heap before GC invocations=22 (full 3):
 PSYoungGen      total 187904K, used 187497K [0x00000000e0000000, 0x00000000ee800000, 0x0000000100000000)
  eden space 150528K, 100% used [0x00000000e0000000,0x00000000e9300000,0x00000000e9300000)
  from space 37376K, 98% used [0x00000000ebd00000,0x00000000ee11a4b8,0x00000000ee180000)
  to   space 43008K, 0% used [0x00000000e9300000,0x00000000e9300000,0x00000000ebd00000)
 ParOldGen       total 136192K, used 61700K [0x00000000a0000000, 0x00000000a8500000, 0x00000000e0000000)
  object space 136192K, 45% used [0x00000000a0000000,0x00000000a3c41278,0x00000000a8500000)
 Metaspace       used 84749K, capacity 89475K, committed 89752K, reserved 1126400K
  class space    used 11091K, capacity 12075K, committed 12184K, reserved 1048576K
Event: 5360.815 GC heap after
Heap after GC invocations=22 (full 3):
 PSYoungGen      total 165888K, used 19283K [0x00000000e0000000, 0x00000000edf00000, 0x0000000100000000)
  eden space 146432K, 0% used [0x00000000e0000000,0x00000000e0000000,0x00000000e8f00000)
  from space 19456K, 99% used [0x00000000e9300000,0x00000000ea5d4ec0,0x00000000ea600000)
  to   space 40960K, 0% used [0x00000000eb700000,0x00000000eb700000,0x00000000edf00000)
 ParOldGen       total 136192K, used 61708K [0x00000000a0000000, 0x00000000a8500000, 0x00000000e0000000)
  object space 136192K, 45% used [0x00000000a0000000,0x00000000a3c43278,0x00000000a8500000)
 Metaspace       used 84749K, capacity 89475K, committed 89752K, reserved 1126400K
  class space    used 11091K, capacity 12075K, committed 12184K, reserved 1048576K
}
Event: 5383.187 GC heap before
{Heap before GC invocations=23 (full 3):
 PSYoungGen      total 165888K, used 165715K [0x00000000e0000000, 0x00000000edf00000, 0x0000000100000000)
  eden space 146432K, 100% used [0x00000000e0000000,0x00000000e8f00000,0x00000000e8f00000)
  from space 19456K, 99% used [0x00000000e9300000,0x00000000ea5d4ec0,0x00000000ea600000)
  to   space 40960K, 0% used [0x00000000eb700000,0x00000000eb700000,0x00000000edf00000)
 ParOldGen       total 136192K, used 61708K [0x00000000a0000000, 0x00000000a8500000, 0x00000000e0000000)
  object space 136192K, 45% used [0x00000000a0000000,0x00000000a3c43278,0x00000000a8500000)
 Metaspace       used 87464K, capacity 92363K, committed 92568K, reserved 1130496K
  class space    used 11415K, capacity 12433K, committed 12440K, reserved 1048576K
Event: 5383.548 GC heap after
Heap after GC invocations=23 (full 3):
 PSYoungGen      total 181248K, used 27837K [0x00000000e0000000, 0x00000000edd00000, 0x0000000100000000)
  eden space 142336K, 0% used [0x00000000e0000000,0x00000000e0000000,0x00000000e8b00000)
  from space 38912K, 71% used [0x00000000eb700000,0x00000000ed22f748,0x00000000edd00000)
  to   space 41984K, 0% used [0x00000000e8b00000,0x00000000e8b00000,0x00000000eb400000)
 ParOldGen       total 136192K, used 61716K [0x00000000a0000000, 0x00000000a8500000, 0x00000000e0000000)
  object space 136192K, 45% used [0x00000000a0000000,0x00000000a3c45278,0x00000000a8500000)
 Metaspace       used 87464K, capacity 92363K, committed 92568K, reserved 1130496K
  class space    used 11415K, capacity 12433K, committed 12440K, reserved 1048576K
}
Event: 5453.968 GC heap before
{Heap before GC invocations=24 (full 3):
 PSYoungGen      total 181248K, used 170173K [0x00000000e0000000, 0x00000000edd00000, 0x0000000100000000)
  eden space 142336K, 100% used [0x00000000e0000000,0x00000000e8b00000,0x00000000e8b00000)
  from space 38912K, 71% used [0x00000000eb700000,0x00000000ed22f748,0x00000000edd00000)
  to   space 41984K, 0% used [0x00000000e8b00000,0x00000000e8b00000,0x00000000eb400000)
 ParOldGen       total 136192K, used 61716K [0x00000000a0000000, 0x00000000a8500000, 0x00000000e0000000)
  object space 136192K, 45% used [0x00000000a0000000,0x00000000a3c45278,0x00000000a8500000)
 Metaspace       used 92349K, capacity 97329K, committed 97560K, reserved 1134592K
  class space    used 12014K, capacity 13068K, committed 13080K, reserved 1048576K
Event: 5454.157 GC heap after
Heap after GC invocations=24 (full 3):
 PSYoungGen      total 169472K, used 30984K [0x00000000e0000000, 0x00000000edd00000, 0x0000000100000000)
  eden space 138240K, 0% used [0x00000000e0000000,0x00000000e0000000,0x00000000e8700000)
  from space 31232K, 99% used [0x00000000e8b00000,0x00000000ea942208,0x00000000ea980000)
  to   space 44032K, 0% used [0x00000000eb200000,0x00000000eb200000,0x00000000edd00000)
 ParOldGen       total 136192K, used 61724K [0x00000000a0000000, 0x00000000a8500000, 0x00000000e0000000)
  object space 136192K, 45% used [0x00000000a0000000,0x00000000a3c47278,0x00000000a8500000)
 Metaspace       used 92349K, capacity 97329K, committed 97560K, reserved 1134592K
  class space    used 12014K, capacity 13068K, committed 13080K, reserved 1048576K
}
Event: 5483.331 GC heap before
{Heap before GC invocations=25 (full 3):
 PSYoungGen      total 169472K, used 169224K [0x00000000e0000000, 0x00000000edd00000, 0x0000000100000000)
  eden space 138240K, 100% used [0x00000000e0000000,0x00000000e8700000,0x00000000e8700000)
  from space 31232K, 99% used [0x00000000e8b00000,0x00000000ea942208,0x00000000ea980000)
  to   space 44032K, 0% used [0x00000000eb200000,0x00000000eb200000,0x00000000edd00000)
 ParOldGen       total 136192K, used 61724K [0x00000000a0000000, 0x00000000a8500000, 0x00000000e0000000)
  object space 136192K, 45% used [0x00000000a0000000,0x00000000a3c47278,0x00000000a8500000)
 Metaspace       used 93100K, capacity 98121K, committed 98456K, reserved 1134592K
  class space    used 12069K, capacity 13120K, committed 13208K, reserved 1048576K
Event: 5484.322 GC heap after
Heap after GC invocations=25 (full 3):
 PSYoungGen      total 182272K, used 25213K [0x00000000e0000000, 0x00000000edd00000, 0x0000000100000000)
  eden space 138240K, 0% used [0x00000000e0000000,0x00000000e0000000,0x00000000e8700000)
  from space 44032K, 57% used [0x00000000eb200000,0x00000000eca9f4b0,0x00000000edd00000)
  to   space 31232K, 0% used [0x00000000e8b00000,0x00000000e8b00000,0x00000000ea980000)
 ParOldGen       total 136192K, used 61732K [0x00000000a0000000, 0x00000000a8500000, 0x00000000e0000000)
  object space 136192K, 45% used [0x00000000a0000000,0x00000000a3c49278,0x00000000a8500000)
 Metaspace       used 93100K, capacity 98121K, committed 98456K, reserved 1134592K
  class space    used 12069K, capacity 13120K, committed 13208K, reserved 1048576K
}

