# JRE version: OpenJDK Runtime Environment (8.0_212-b04) (build 1.8.0_212-release-1586-b04)
# Java VM: OpenJDK 64-Bit Server VM (25.212-b04 mixed mode windows-amd64 compressed oops)
Heap:
 PSYoungGen      total 159744K, used 57046K [0x00000000e0000000, 0x00000000ed600000, 0x0000000100000000)
  eden space 140288K, 40% used [0x00000000e0000000,0x00000000e37b5b30,0x00000000e8900000)
  from space 19456K, 0% used [0x00000000ec300000,0x00000000ec300000,0x00000000ed600000)
  to   space 15360K, 0% used [0x00000000e8900000,0x00000000e8900000,0x00000000e9800000)
 ParOldGen       total 86016K, used 31592K [0x00000000a0000000, 0x00000000a5400000, 0x00000000e0000000)
  object space 86016K, 36% used [0x00000000a0000000,0x00000000a1eda358,0x00000000a5400000)
 Metaspace       used 58173K, capacity 60522K, committed 60696K, reserved 1101824K
  class space    used 8055K, capacity 8618K, committed 8728K, reserved 1048576K
GC Heap History (10 events):
Event: 7.590 GC heap before
{Heap before GC invocations=11 (full 2):
 PSYoungGen      total 119808K, used 10677K [0x00000000e0000000, 0x00000000ea700000, 0x0000000100000000)
  eden space 108032K, 0% used [0x00000000e0000000,0x00000000e0000000,0x00000000e6980000)
  from space 11776K, 90% used [0x00000000e6980000,0x00000000e73ed7d8,0x00000000e7500000)
  to   space 12800K, 0% used [0x00000000e9a80000,0x00000000e9a80000,0x00000000ea700000)
 ParOldGen       total 57856K, used 9650K [0x00000000a0000000, 0x00000000a3880000, 0x00000000e0000000)
  object space 57856K, 16% used [0x00000000a0000000,0x00000000a096cb58,0x00000000a3880000)
 Metaspace       used 34609K, capacity 35404K, committed 35496K, reserved 1079296K
  class space    used 4760K, capacity 5003K, committed 5032K, reserved 1048576K
Event: 7.630 GC heap after
Heap after GC invocations=11 (full 2):
 PSYoungGen      total 119808K, used 0K [0x00000000e0000000, 0x00000000ea700000, 0x0000000100000000)
  eden space 108032K, 0% used [0x00000000e0000000,0x00000000e0000000,0x00000000e6980000)
  from space 11776K, 0% used [0x00000000e6980000,0x00000000e6980000,0x00000000e7500000)
  to   space 12800K, 0% used [0x00000000e9a80000,0x00000000e9a80000,0x00000000ea700000)
 ParOldGen       total 86016K, used 17633K [0x00000000a0000000, 0x00000000a5400000, 0x00000000e0000000)
  object space 86016K, 20% used [0x00000000a0000000,0x00000000a1138638,0x00000000a5400000)
 Metaspace       used 34585K, capacity 35326K, committed 35496K, reserved 1079296K
  class space    used 4753K, capacity 4990K, committed 5032K, reserved 1048576K
}
Event: 11.217 GC heap before
{Heap before GC invocations=12 (full 2):
 PSYoungGen      total 119808K, used 108032K [0x00000000e0000000, 0x00000000ea700000, 0x0000000100000000)
  eden space 108032K, 100% used [0x00000000e0000000,0x00000000e6980000,0x00000000e6980000)
  from space 11776K, 0% used [0x00000000e6980000,0x00000000e6980000,0x00000000e7500000)
  to   space 12800K, 0% used [0x00000000e9a80000,0x00000000e9a80000,0x00000000ea700000)
 ParOldGen       total 86016K, used 17633K [0x00000000a0000000, 0x00000000a5400000, 0x00000000e0000000)
  object space 86016K, 20% used [0x00000000a0000000,0x00000000a1138638,0x00000000a5400000)
 Metaspace       used 45277K, capacity 46322K, committed 46632K, reserved 1089536K
  class space    used 6081K, capacity 6383K, committed 6440K, reserved 1048576K
Event: 11.227 GC heap after
Heap after GC invocations=12 (full 2):
 PSYoungGen      total 153088K, used 12796K [0x00000000e0000000, 0x00000000ea700000, 0x0000000100000000)
  eden space 140288K, 0% used [0x00000000e0000000,0x00000000e0000000,0x00000000e8900000)
  from space 12800K, 99% used [0x00000000e9a80000,0x00000000ea6ff100,0x00000000ea700000)
  to   space 15360K, 0% used [0x00000000e8900000,0x00000000e8900000,0x00000000e9800000)
 ParOldGen       total 86016K, used 19840K [0x00000000a0000000, 0x00000000a5400000, 0x00000000e0000000)
  object space 86016K, 23% used [0x00000000a0000000,0x00000000a1360360,0x00000000a5400000)
 Metaspace       used 45277K, capacity 46322K, committed 46632K, reserved 1089536K
  class space    used 6081K, capacity 6383K, committed 6440K, reserved 1048576K
}
Event: 13.874 GC heap before
{Heap before GC invocations=13 (full 2):
 PSYoungGen      total 153088K, used 153084K [0x00000000e0000000, 0x00000000ea700000, 0x0000000100000000)
  eden space 140288K, 100% used [0x00000000e0000000,0x00000000e8900000,0x00000000e8900000)
  from space 12800K, 99% used [0x00000000e9a80000,0x00000000ea6ff100,0x00000000ea700000)
  to   space 15360K, 0% used [0x00000000e8900000,0x00000000e8900000,0x00000000e9800000)
 ParOldGen       total 86016K, used 19840K [0x00000000a0000000, 0x00000000a5400000, 0x00000000e0000000)
  object space 86016K, 23% used [0x00000000a0000000,0x00000000a1360360,0x00000000a5400000)
 Metaspace       used 56315K, capacity 58174K, committed 58408K, reserved 1099776K
  class space    used 7754K, capacity 8194K, committed 8232K, reserved 1048576K
Event: 13.889 GC heap after
Heap after GC invocations=13 (full 2):
 PSYoungGen      total 155648K, used 15330K [0x00000000e0000000, 0x00000000ed600000, 0x0000000100000000)
  eden space 140288K, 0% used [0x00000000e0000000,0x00000000e0000000,0x00000000e8900000)
  from space 15360K, 99% used [0x00000000e8900000,0x00000000e97f8978,0x00000000e9800000)
  to   space 19456K, 0% used [0x00000000ec300000,0x00000000ec300000,0x00000000ed600000)
 ParOldGen       total 86016K, used 26833K [0x00000000a0000000, 0x00000000a5400000, 0x00000000e0000000)
  object space 86016K, 31% used [0x00000000a0000000,0x00000000a1a34540,0x00000000a5400000)
 Metaspace       used 56315K, capacity 58174K, committed 58408K, reserved 1099776K
  class space    used 7754K, capacity 8194K, committed 8232K, reserved 1048576K
}
Event: 14.114 GC heap before
{Heap before GC invocations=14 (full 2):
 PSYoungGen      total 155648K, used 31628K [0x00000000e0000000, 0x00000000ed600000, 0x0000000100000000)
  eden space 140288K, 11% used [0x00000000e0000000,0x00000000e0fea6f8,0x00000000e8900000)
  from space 15360K, 99% used [0x00000000e8900000,0x00000000e97f8978,0x00000000e9800000)
  to   space 19456K, 0% used [0x00000000ec300000,0x00000000ec300000,0x00000000ed600000)
 ParOldGen       total 86016K, used 26833K [0x00000000a0000000, 0x00000000a5400000, 0x00000000e0000000)
  object space 86016K, 31% used [0x00000000a0000000,0x00000000a1a34540,0x00000000a5400000)
 Metaspace       used 57044K, capacity 59028K, committed 59160K, reserved 1099776K
  class space    used 7887K, capacity 8401K, committed 8472K, reserved 1048576K
Event: 14.122 GC heap after
Heap after GC invocations=14 (full 2):
 PSYoungGen      total 159744K, used 2266K [0x00000000e0000000, 0x00000000ed600000, 0x0000000100000000)
  eden space 140288K, 0% used [0x00000000e0000000,0x00000000e0000000,0x00000000e8900000)
  from space 19456K, 11% used [0x00000000ec300000,0x00000000ec5369d8,0x00000000ed600000)
  to   space 15360K, 0% used [0x00000000e8900000,0x00000000e8900000,0x00000000e9800000)
 ParOldGen       total 86016K, used 35565K [0x00000000a0000000, 0x00000000a5400000, 0x00000000e0000000)
  object space 86016K, 41% used [0x00000000a0000000,0x00000000a22bb580,0x00000000a5400000)
 Metaspace       used 57044K, capacity 59028K, committed 59160K, reserved 1099776K
  class space    used 7887K, capacity 8401K, committed 8472K, reserved 1048576K
}
Event: 14.122 GC heap before
{Heap before GC invocations=15 (full 3):
 PSYoungGen      total 159744K, used 2266K [0x00000000e0000000, 0x00000000ed600000, 0x0000000100000000)
  eden space 140288K, 0% used [0x00000000e0000000,0x00000000e0000000,0x00000000e8900000)
  from space 19456K, 11% used [0x00000000ec300000,0x00000000ec5369d8,0x00000000ed600000)
  to   space 15360K, 0% used [0x00000000e8900000,0x00000000e8900000,0x00000000e9800000)
 ParOldGen       total 86016K, used 35565K [0x00000000a0000000, 0x00000000a5400000, 0x00000000e0000000)
  object space 86016K, 41% used [0x00000000a0000000,0x00000000a22bb580,0x00000000a5400000)
 Metaspace       used 57044K, capacity 59028K, committed 59160K, reserved 1099776K
  class space    used 7887K, capacity 8401K, committed 8472K, reserved 1048576K
Event: 14.343 GC heap after
Heap after GC invocations=15 (full 3):
 PSYoungGen      total 159744K, used 0K [0x00000000e0000000, 0x00000000ed600000, 0x0000000100000000)
  eden space 140288K, 0% used [0x00000000e0000000,0x00000000e0000000,0x00000000e8900000)
  from space 19456K, 0% used [0x00000000ec300000,0x00000000ec300000,0x00000000ed600000)
  to   space 15360K, 0% used [0x00000000e8900000,0x00000000e8900000,0x00000000e9800000)
 ParOldGen       total 86016K, used 31592K [0x00000000a0000000, 0x00000000a5400000, 0x00000000e0000000)
  object space 86016K, 36% used [0x00000000a0000000,0x00000000a1eda358,0x00000000a5400000)
 Metaspace       used 56977K, capacity 58844K, committed 59160K, reserved 1099776K
  class space    used 7867K, capacity 8365K, committed 8472K, reserved 1048576K
}

