# JRE version: OpenJDK Runtime Environment (8.0_212-b04) (build 1.8.0_212-release-1586-b04)
# Java VM: OpenJDK 64-Bit Server VM (25.212-b04 mixed mode windows-amd64 compressed oops)
Heap:
 PSYoungGen      total 482304K, used 403176K [0x00000000e0000000, 0x0000000100000000, 0x0000000100000000)
  eden space 442368K, 88% used [0x00000000e0000000,0x00000000f7fc9900,0x00000000fb000000)
  from space 39936K, 25% used [0x00000000fd500000,0x00000000fdef0a28,0x00000000ffc00000)
  to   space 37888K, 0% used [0x00000000fb000000,0x00000000fb000000,0x00000000fd500000)
 ParOldGen       total 191488K, used 133299K [0x00000000a0000000, 0x00000000abb00000, 0x00000000e0000000)
  object space 191488K, 69% used [0x00000000a0000000,0x00000000a822cc28,0x00000000abb00000)
 Metaspace       used 95394K, capacity 99869K, committed 101312K, reserved 1136640K
  class space    used 12184K, capacity 13079K, committed 13528K, reserved 1048576K
GC Heap History (10 events):
Event: 2151.864 GC heap before
{Heap before GC invocations=48 (full 4):
 PSYoungGen      total 482304K, used 445808K [0x00000000e0000000, 0x0000000100000000, 0x0000000100000000)
  eden space 440320K, 100% used [0x00000000e0000000,0x00000000fae00000,0x00000000fae00000)
  from space 41984K, 13% used [0x00000000fae00000,0x00000000fb35c030,0x00000000fd700000)
  to   space 40960K, 0% used [0x00000000fd800000,0x00000000fd800000,0x0000000100000000)
 ParOldGen       total 191488K, used 97169K [0x00000000a0000000, 0x00000000abb00000, 0x00000000e0000000)
  object space 191488K, 50% used [0x00000000a0000000,0x00000000a5ee47f8,0x00000000abb00000)
 Metaspace       used 94730K, capacity 99259K, committed 100800K, reserved 1136640K
  class space    used 12149K, capacity 13064K, committed 13528K, reserved 1048576K
Event: 2152.461 GC heap after
Heap after GC invocations=48 (full 4):
 PSYoungGen      total 478208K, used 5497K [0x00000000e0000000, 0x00000000ffc00000, 0x0000000100000000)
  eden space 441344K, 0% used [0x00000000e0000000,0x00000000e0000000,0x00000000faf00000)
  from space 36864K, 14% used [0x00000000fd800000,0x00000000fdd5e798,0x00000000ffc00000)
  to   space 39424K, 0% used [0x00000000faf00000,0x00000000faf00000,0x00000000fd580000)
 ParOldGen       total 191488K, used 101188K [0x00000000a0000000, 0x00000000abb00000, 0x00000000e0000000)
  object space 191488K, 52% used [0x00000000a0000000,0x00000000a62d1118,0x00000000abb00000)
 Metaspace       used 94730K, capacity 99259K, committed 100800K, reserved 1136640K
  class space    used 12149K, capacity 13064K, committed 13528K, reserved 1048576K
}
Event: 2152.973 GC heap before
{Heap before GC invocations=49 (full 4):
 PSYoungGen      total 478208K, used 446841K [0x00000000e0000000, 0x00000000ffc00000, 0x0000000100000000)
  eden space 441344K, 100% used [0x00000000e0000000,0x00000000faf00000,0x00000000faf00000)
  from space 36864K, 14% used [0x00000000fd800000,0x00000000fdd5e798,0x00000000ffc00000)
  to   space 39424K, 0% used [0x00000000faf00000,0x00000000faf00000,0x00000000fd580000)
 ParOldGen       total 191488K, used 101188K [0x00000000a0000000, 0x00000000abb00000, 0x00000000e0000000)
  object space 191488K, 52% used [0x00000000a0000000,0x00000000a62d1118,0x00000000abb00000)
 Metaspace       used 94748K, capacity 99265K, committed 100800K, reserved 1136640K
  class space    used 12150K, capacity 13065K, committed 13528K, reserved 1048576K
Event: 2153.348 GC heap after
Heap after GC invocations=49 (full 4):
 PSYoungGen      total 480768K, used 27832K [0x00000000e0000000, 0x0000000100000000, 0x0000000100000000)
  eden space 441344K, 0% used [0x00000000e0000000,0x00000000e0000000,0x00000000faf00000)
  from space 39424K, 70% used [0x00000000faf00000,0x00000000fca2e388,0x00000000fd580000)
  to   space 42496K, 0% used [0x00000000fd680000,0x00000000fd680000,0x0000000100000000)
 ParOldGen       total 191488K, used 105946K [0x00000000a0000000, 0x00000000abb00000, 0x00000000e0000000)
  object space 191488K, 55% used [0x00000000a0000000,0x00000000a6776a40,0x00000000abb00000)
 Metaspace       used 94748K, capacity 99265K, committed 100800K, reserved 1136640K
  class space    used 12150K, capacity 13065K, committed 13528K, reserved 1048576K
}
Event: 2154.049 GC heap before
{Heap before GC invocations=50 (full 4):
 PSYoungGen      total 480768K, used 469176K [0x00000000e0000000, 0x0000000100000000, 0x0000000100000000)
  eden space 441344K, 100% used [0x00000000e0000000,0x00000000faf00000,0x00000000faf00000)
  from space 39424K, 70% used [0x00000000faf00000,0x00000000fca2e388,0x00000000fd580000)
  to   space 42496K, 0% used [0x00000000fd680000,0x00000000fd680000,0x0000000100000000)
 ParOldGen       total 191488K, used 105946K [0x00000000a0000000, 0x00000000abb00000, 0x00000000e0000000)
  object space 191488K, 55% used [0x00000000a0000000,0x00000000a6776a40,0x00000000abb00000)
 Metaspace       used 94768K, capacity 99329K, committed 100800K, reserved 1136640K
  class space    used 12150K, capacity 13065K, committed 13528K, reserved 1048576K
Event: 2156.281 GC heap after
Heap after GC invocations=50 (full 4):
 PSYoungGen      total 482816K, used 4032K [0x00000000e0000000, 0x0000000100000000, 0x0000000100000000)
  eden space 440320K, 0% used [0x00000000e0000000,0x00000000e0000000,0x00000000fae00000)
  from space 42496K, 9% used [0x00000000fd680000,0x00000000fda70000,0x0000000100000000)
  to   space 41472K, 0% used [0x00000000fae00000,0x00000000fae00000,0x00000000fd680000)
 ParOldGen       total 191488K, used 126881K [0x00000000a0000000, 0x00000000abb00000, 0x00000000e0000000)
  object space 191488K, 66% used [0x00000000a0000000,0x00000000a7be8758,0x00000000abb00000)
 Metaspace       used 94768K, capacity 99329K, committed 100800K, reserved 1136640K
  class space    used 12150K, capacity 13065K, committed 13528K, reserved 1048576K
}
Event: 2156.922 GC heap before
{Heap before GC invocations=51 (full 4):
 PSYoungGen      total 482816K, used 444352K [0x00000000e0000000, 0x0000000100000000, 0x0000000100000000)
  eden space 440320K, 100% used [0x00000000e0000000,0x00000000fae00000,0x00000000fae00000)
  from space 42496K, 9% used [0x00000000fd680000,0x00000000fda70000,0x0000000100000000)
  to   space 41472K, 0% used [0x00000000fae00000,0x00000000fae00000,0x00000000fd680000)
 ParOldGen       total 191488K, used 126881K [0x00000000a0000000, 0x00000000abb00000, 0x00000000e0000000)
  object space 191488K, 66% used [0x00000000a0000000,0x00000000a7be8758,0x00000000abb00000)
 Metaspace       used 94779K, capacity 99329K, committed 100800K, reserved 1136640K
  class space    used 12151K, capacity 13065K, committed 13528K, reserved 1048576K
Event: 2157.134 GC heap after
Heap after GC invocations=51 (full 4):
 PSYoungGen      total 445440K, used 5030K [0x00000000e0000000, 0x00000000ffc00000, 0x0000000100000000)
  eden space 440320K, 0% used [0x00000000e0000000,0x00000000e0000000,0x00000000fae00000)
  from space 5120K, 98% used [0x00000000fae00000,0x00000000fb2e9b28,0x00000000fb300000)
  to   space 39936K, 0% used [0x00000000fd500000,0x00000000fd500000,0x00000000ffc00000)
 ParOldGen       total 191488K, used 130291K [0x00000000a0000000, 0x00000000abb00000, 0x00000000e0000000)
  object space 191488K, 68% used [0x00000000a0000000,0x00000000a7f3cf08,0x00000000abb00000)
 Metaspace       used 94779K, capacity 99329K, committed 100800K, reserved 1136640K
  class space    used 12151K, capacity 13065K, committed 13528K, reserved 1048576K
}
Event: 2158.896 GC heap before
{Heap before GC invocations=52 (full 4):
 PSYoungGen      total 445440K, used 445313K [0x00000000e0000000, 0x00000000ffc00000, 0x0000000100000000)
  eden space 440320K, 99% used [0x00000000e0000000,0x00000000fadf6b30,0x00000000fae00000)
  from space 5120K, 98% used [0x00000000fae00000,0x00000000fb2e9b28,0x00000000fb300000)
  to   space 39936K, 0% used [0x00000000fd500000,0x00000000fd500000,0x00000000ffc00000)
 ParOldGen       total 191488K, used 130291K [0x00000000a0000000, 0x00000000abb00000, 0x00000000e0000000)
  object space 191488K, 68% used [0x00000000a0000000,0x00000000a7f3cf08,0x00000000abb00000)
 Metaspace       used 94803K, capacity 99329K, committed 100800K, reserved 1136640K
  class space    used 12151K, capacity 13065K, committed 13528K, reserved 1048576K
Event: 2158.969 GC heap after
Heap after GC invocations=52 (full 4):
 PSYoungGen      total 482304K, used 10178K [0x00000000e0000000, 0x0000000100000000, 0x0000000100000000)
  eden space 442368K, 0% used [0x00000000e0000000,0x00000000e0000000,0x00000000fb000000)
  from space 39936K, 25% used [0x00000000fd500000,0x00000000fdef0a28,0x00000000ffc00000)
  to   space 37888K, 0% used [0x00000000fb000000,0x00000000fb000000,0x00000000fd500000)
 ParOldGen       total 191488K, used 133299K [0x00000000a0000000, 0x00000000abb00000, 0x00000000e0000000)
  object space 191488K, 69% used [0x00000000a0000000,0x00000000a822cc28,0x00000000abb00000)
 Metaspace       used 94803K, capacity 99329K, committed 100800K, reserved 1136640K
  class space    used 12151K, capacity 13065K, committed 13528K, reserved 1048576K
}

