# JRE version: OpenJDK Runtime Environment (8.0_212-b04) (build 1.8.0_212-release-1586-b04)
# Java VM: OpenJDK 64-Bit Server VM (25.212-b04 mixed mode windows-amd64 compressed oops)
Heap:
 PSYoungGen      total 141824K, used 60206K [0x00000000e0000000, 0x00000000ea080000, 0x0000000100000000)
  eden space 129024K, 36% used [0x00000000e0000000,0x00000000e2e4c560,0x00000000e7e00000)
  from space 12800K, 99% used [0x00000000e9400000,0x00000000ea07f570,0x00000000ea080000)
  to   space 14848K, 0% used [0x00000000e8380000,0x00000000e8380000,0x00000000e9200000)
 ParOldGen       total 95744K, used 18674K [0x00000000a0000000, 0x00000000a5d80000, 0x00000000e0000000)
  object space 95744K, 19% used [0x00000000a0000000,0x00000000a123c9f8,0x00000000a5d80000)
 Metaspace       used 48755K, capacity 50166K, committed 50216K, reserved 1093632K
  class space    used 6545K, capacity 6930K, committed 6952K, reserved 1048576K
GC Heap History (10 events):
Event: 2.660 GC heap before
{Heap before GC invocations=8 (full 1):
 PSYoungGen      total 76800K, used 66048K [0x00000000e0000000, 0x00000000e5700000, 0x0000000100000000)
  eden space 66048K, 100% used [0x00000000e0000000,0x00000000e4080000,0x00000000e4080000)
  from space 10752K, 0% used [0x00000000e4b80000,0x00000000e4b80000,0x00000000e5600000)
  to   space 11264K, 0% used [0x00000000e4080000,0x00000000e4080000,0x00000000e4b80000)
 ParOldGen       total 61440K, used 9629K [0x00000000a0000000, 0x00000000a3c00000, 0x00000000e0000000)
  object space 61440K, 15% used [0x00000000a0000000,0x00000000a09676c0,0x00000000a3c00000)
 Metaspace       used 29130K, capacity 29716K, committed 30080K, reserved 1075200K
  class space    used 3927K, capacity 4135K, committed 4224K, reserved 1048576K
Event: 2.665 GC heap after
Heap after GC invocations=8 (full 1):
 PSYoungGen      total 77312K, used 8205K [0x00000000e0000000, 0x00000000e7b80000, 0x0000000100000000)
  eden space 66048K, 0% used [0x00000000e0000000,0x00000000e0000000,0x00000000e4080000)
  from space 11264K, 72% used [0x00000000e4080000,0x00000000e48836e8,0x00000000e4b80000)
  to   space 11776K, 0% used [0x00000000e7000000,0x00000000e7000000,0x00000000e7b80000)
 ParOldGen       total 61440K, used 9637K [0x00000000a0000000, 0x00000000a3c00000, 0x00000000e0000000)
  object space 61440K, 15% used [0x00000000a0000000,0x00000000a09696c0,0x00000000a3c00000)
 Metaspace       used 29130K, capacity 29716K, committed 30080K, reserved 1075200K
  class space    used 3927K, capacity 4135K, committed 4224K, reserved 1048576K
}
Event: 3.032 GC heap before
{Heap before GC invocations=9 (full 1):
 PSYoungGen      total 77312K, used 74253K [0x00000000e0000000, 0x00000000e7b80000, 0x0000000100000000)
  eden space 66048K, 100% used [0x00000000e0000000,0x00000000e4080000,0x00000000e4080000)
  from space 11264K, 72% used [0x00000000e4080000,0x00000000e48836e8,0x00000000e4b80000)
  to   space 11776K, 0% used [0x00000000e7000000,0x00000000e7000000,0x00000000e7b80000)
 ParOldGen       total 61440K, used 9637K [0x00000000a0000000, 0x00000000a3c00000, 0x00000000e0000000)
  object space 61440K, 15% used [0x00000000a0000000,0x00000000a09696c0,0x00000000a3c00000)
 Metaspace       used 32203K, capacity 32812K, committed 33152K, reserved 1077248K
  class space    used 4420K, capacity 4655K, committed 4736K, reserved 1048576K
Event: 3.039 GC heap after
Heap after GC invocations=9 (full 1):
 PSYoungGen      total 114688K, used 8488K [0x00000000e0000000, 0x00000000e7c80000, 0x0000000100000000)
  eden space 102912K, 0% used [0x00000000e0000000,0x00000000e0000000,0x00000000e6480000)
  from space 11776K, 72% used [0x00000000e7000000,0x00000000e784a0f8,0x00000000e7b80000)
  to   space 11776K, 0% used [0x00000000e6480000,0x00000000e6480000,0x00000000e7000000)
 ParOldGen       total 61440K, used 9645K [0x00000000a0000000, 0x00000000a3c00000, 0x00000000e0000000)
  object space 61440K, 15% used [0x00000000a0000000,0x00000000a096b6c0,0x00000000a3c00000)
 Metaspace       used 32203K, capacity 32812K, committed 33152K, reserved 1077248K
  class space    used 4420K, capacity 4655K, committed 4736K, reserved 1048576K
}
Event: 3.427 GC heap before
{Heap before GC invocations=10 (full 1):
 PSYoungGen      total 114688K, used 72303K [0x00000000e0000000, 0x00000000e7c80000, 0x0000000100000000)
  eden space 102912K, 62% used [0x00000000e0000000,0x00000000e3e51cf8,0x00000000e6480000)
  from space 11776K, 72% used [0x00000000e7000000,0x00000000e784a0f8,0x00000000e7b80000)
  to   space 11776K, 0% used [0x00000000e6480000,0x00000000e6480000,0x00000000e7000000)
 ParOldGen       total 61440K, used 9645K [0x00000000a0000000, 0x00000000a3c00000, 0x00000000e0000000)
  object space 61440K, 15% used [0x00000000a0000000,0x00000000a096b6c0,0x00000000a3c00000)
 Metaspace       used 34548K, capacity 35404K, committed 35496K, reserved 1079296K
  class space    used 4754K, capacity 5003K, committed 5032K, reserved 1048576K
Event: 3.434 GC heap after
Heap after GC invocations=10 (full 1):
 PSYoungGen      total 114688K, used 10519K [0x00000000e0000000, 0x00000000ea080000, 0x0000000100000000)
  eden space 102912K, 0% used [0x00000000e0000000,0x00000000e0000000,0x00000000e6480000)
  from space 11776K, 89% used [0x00000000e6480000,0x00000000e6ec5e98,0x00000000e7000000)
  to   space 12800K, 0% used [0x00000000e9400000,0x00000000e9400000,0x00000000ea080000)
 ParOldGen       total 61440K, used 9653K [0x00000000a0000000, 0x00000000a3c00000, 0x00000000e0000000)
  object space 61440K, 15% used [0x00000000a0000000,0x00000000a096d6c0,0x00000000a3c00000)
 Metaspace       used 34548K, capacity 35404K, committed 35496K, reserved 1079296K
  class space    used 4754K, capacity 5003K, committed 5032K, reserved 1048576K
}
Event: 3.434 GC heap before
{Heap before GC invocations=11 (full 2):
 PSYoungGen      total 114688K, used 10519K [0x00000000e0000000, 0x00000000ea080000, 0x0000000100000000)
  eden space 102912K, 0% used [0x00000000e0000000,0x00000000e0000000,0x00000000e6480000)
  from space 11776K, 89% used [0x00000000e6480000,0x00000000e6ec5e98,0x00000000e7000000)
  to   space 12800K, 0% used [0x00000000e9400000,0x00000000e9400000,0x00000000ea080000)
 ParOldGen       total 61440K, used 9653K [0x00000000a0000000, 0x00000000a3c00000, 0x00000000e0000000)
  object space 61440K, 15% used [0x00000000a0000000,0x00000000a096d6c0,0x00000000a3c00000)
 Metaspace       used 34548K, capacity 35404K, committed 35496K, reserved 1079296K
  class space    used 4754K, capacity 5003K, committed 5032K, reserved 1048576K
Event: 3.474 GC heap after
Heap after GC invocations=11 (full 2):
 PSYoungGen      total 114688K, used 0K [0x00000000e0000000, 0x00000000ea080000, 0x0000000100000000)
  eden space 102912K, 0% used [0x00000000e0000000,0x00000000e0000000,0x00000000e6480000)
  from space 11776K, 0% used [0x00000000e6480000,0x00000000e6480000,0x00000000e7000000)
  to   space 12800K, 0% used [0x00000000e9400000,0x00000000e9400000,0x00000000ea080000)
 ParOldGen       total 95744K, used 17482K [0x00000000a0000000, 0x00000000a5d80000, 0x00000000e0000000)
  object space 95744K, 18% used [0x00000000a0000000,0x00000000a1112998,0x00000000a5d80000)
 Metaspace       used 34523K, capacity 35320K, committed 35496K, reserved 1079296K
  class space    used 4747K, capacity 4989K, committed 5032K, reserved 1048576K
}
Event: 4.337 GC heap before
{Heap before GC invocations=12 (full 2):
 PSYoungGen      total 114688K, used 102912K [0x00000000e0000000, 0x00000000ea080000, 0x0000000100000000)
  eden space 102912K, 100% used [0x00000000e0000000,0x00000000e6480000,0x00000000e6480000)
  from space 11776K, 0% used [0x00000000e6480000,0x00000000e6480000,0x00000000e7000000)
  to   space 12800K, 0% used [0x00000000e9400000,0x00000000e9400000,0x00000000ea080000)
 ParOldGen       total 95744K, used 17482K [0x00000000a0000000, 0x00000000a5d80000, 0x00000000e0000000)
  object space 95744K, 18% used [0x00000000a0000000,0x00000000a1112998,0x00000000a5d80000)
 Metaspace       used 44759K, capacity 45906K, committed 46120K, reserved 1089536K
  class space    used 6034K, capacity 6351K, committed 6440K, reserved 1048576K
Event: 4.346 GC heap after
Heap after GC invocations=12 (full 2):
 PSYoungGen      total 141824K, used 12797K [0x00000000e0000000, 0x00000000ea080000, 0x0000000100000000)
  eden space 129024K, 0% used [0x00000000e0000000,0x00000000e0000000,0x00000000e7e00000)
  from space 12800K, 99% used [0x00000000e9400000,0x00000000ea07f570,0x00000000ea080000)
  to   space 14848K, 0% used [0x00000000e8380000,0x00000000e8380000,0x00000000e9200000)
 ParOldGen       total 95744K, used 18674K [0x00000000a0000000, 0x00000000a5d80000, 0x00000000e0000000)
  object space 95744K, 19% used [0x00000000a0000000,0x00000000a123c9f8,0x00000000a5d80000)
 Metaspace       used 44759K, capacity 45906K, committed 46120K, reserved 1089536K
  class space    used 6034K, capacity 6351K, committed 6440K, reserved 1048576K
}

